<?xml version="1.0" encoding="UTF-8"?>
<!-- Generated by org.testng.reporters.JUnitXMLReporter -->
<testsuite hostname="sysvinemp056.local" ignored="2" name="Default test" tests="1" failures="0" timestamp="2019-10-10T01:15:00 IST" time="0.41" errors="0">
  <testcase name="checkShipToAddress" time="0.35" classname="com.sysvine.turbopro.automation.customers.InvoiceTest"/>
  <testcase name="checkCusNameSuggestions" time="0.0" classname="com.sysvine.turbopro.automation.customers.InvoiceTest">
    <ignored/>
  </testcase> <!-- checkCusNameSuggestions -->
  <testcase name="checkInvoiceDate" time="0.0" classname="com.sysvine.turbopro.automation.customers.InvoiceTest">
    <ignored/>
  </testcase> <!-- checkInvoiceDate -->
</testsuite> <!-- Default test -->
