<?xml version="1.0" encoding="UTF-8"?>
<testng-results skipped="0" failed="0" ignored="0" total="6" passed="6">
  <reporter-output>
  </reporter-output>
  <suite name="Smoke Test" duration-ms="14535" started-at="2019-10-20T10:22:38 IST" finished-at="2019-10-20T10:22:53 IST">
    <groups>
    </groups>
    <test name="Login Functionality" duration-ms="4994" started-at="2019-10-20T10:22:38 IST" finished-at="2019-10-20T10:22:43 IST">
      <class name="com.sysvine.turbopro.automation.LoginTest">
        <test-method status="PASS" signature="initiate()[pri:0, instance:com.sysvine.turbopro.automation.LoginTest@3d99d22e]" name="initiate" is-config="true" duration-ms="65" started-at="2019-10-20T10:22:38 IST" finished-at="2019-10-20T10:22:38 IST">
          <reporter-output>
          </reporter-output>
        </test-method> <!-- initiate -->
        <test-method status="PASS" signature="verifyIncorrectLogin()[pri:0, instance:com.sysvine.turbopro.automation.LoginTest@3d99d22e]" name="verifyIncorrectLogin" duration-ms="1701" started-at="2019-10-20T10:22:38 IST" finished-at="2019-10-20T10:22:40 IST">
          <reporter-output>
          </reporter-output>
        </test-method> <!-- verifyIncorrectLogin -->
        <test-method status="PASS" signature="verifyLogin()[pri:1, instance:com.sysvine.turbopro.automation.LoginTest@3d99d22e]" name="verifyLogin" duration-ms="3098" started-at="2019-10-20T10:22:40 IST" finished-at="2019-10-20T10:22:43 IST">
          <reporter-output>
          </reporter-output>
        </test-method> <!-- verifyLogin -->
      </class> <!-- com.sysvine.turbopro.automation.LoginTest -->
    </test> <!-- Login Functionality -->
    <test name="Invoice Funtionalities" duration-ms="9364" started-at="2019-10-20T10:22:43 IST" finished-at="2019-10-20T10:22:53 IST">
      <class name="com.sysvine.turbopro.automation.Commons">
        <test-method status="PASS" signature="openBrowser()[pri:0, instance:com.sysvine.turbopro.automation.Commons@32709393]" name="openBrowser" is-config="true" duration-ms="3158" started-at="2019-10-20T10:22:35 IST" finished-at="2019-10-20T10:22:38 IST">
          <reporter-output>
          </reporter-output>
        </test-method> <!-- openBrowser -->
        <test-method status="PASS" signature="closeBrowser()[pri:0, instance:com.sysvine.turbopro.automation.Commons@32709393]" name="closeBrowser" is-config="true" duration-ms="122" started-at="2019-10-20T10:22:53 IST" finished-at="2019-10-20T10:22:53 IST">
          <reporter-output>
          </reporter-output>
        </test-method> <!-- closeBrowser -->
      </class> <!-- com.sysvine.turbopro.automation.Commons -->
      <class name="com.sysvine.turbopro.automation.utils.DBConnector">
        <test-method status="PASS" signature="connectDB()[pri:0, instance:com.sysvine.turbopro.automation.utils.DBConnector@23faf8f2]" name="connectDB" is-config="true" duration-ms="341" started-at="2019-10-20T10:22:38 IST" finished-at="2019-10-20T10:22:38 IST">
          <reporter-output>
          </reporter-output>
        </test-method> <!-- connectDB -->
        <test-method status="PASS" signature="closeConnection()[pri:0, instance:com.sysvine.turbopro.automation.utils.DBConnector@23faf8f2]" name="closeConnection" is-config="true" duration-ms="10" started-at="2019-10-20T10:22:53 IST" finished-at="2019-10-20T10:22:53 IST">
          <reporter-output>
          </reporter-output>
        </test-method> <!-- closeConnection -->
      </class> <!-- com.sysvine.turbopro.automation.utils.DBConnector -->
      <class name="com.sysvine.turbopro.automation.customers.InvoiceTest">
        <test-method status="PASS" signature="initalizeElemets()[pri:0, instance:com.sysvine.turbopro.automation.customers.InvoiceTest@2d6eabae]" name="initalizeElemets" is-config="true" duration-ms="14" started-at="2019-10-20T10:22:43 IST" finished-at="2019-10-20T10:22:44 IST">
          <reporter-output>
          </reporter-output>
        </test-method> <!-- initalizeElemets -->
        <test-method status="PASS" signature="checkCusNameSuggestions()[pri:0, instance:com.sysvine.turbopro.automation.customers.InvoiceTest@2d6eabae]" name="checkCusNameSuggestions" duration-ms="7005" started-at="2019-10-20T10:22:44 IST" finished-at="2019-10-20T10:22:51 IST">
          <reporter-output>
          </reporter-output>
        </test-method> <!-- checkCusNameSuggestions -->
        <test-method status="PASS" signature="checkInvoiceDate()[pri:1, instance:com.sysvine.turbopro.automation.customers.InvoiceTest@2d6eabae]" name="checkInvoiceDate" duration-ms="31" started-at="2019-10-20T10:22:51 IST" finished-at="2019-10-20T10:22:51 IST">
          <reporter-output>
          </reporter-output>
        </test-method> <!-- checkInvoiceDate -->
        <test-method status="PASS" signature="checkShipToAddress()[pri:2, instance:com.sysvine.turbopro.automation.customers.InvoiceTest@2d6eabae]" name="checkShipToAddress" duration-ms="2302" started-at="2019-10-20T10:22:51 IST" finished-at="2019-10-20T10:22:53 IST">
          <reporter-output>
          </reporter-output>
        </test-method> <!-- checkShipToAddress -->
        <test-method status="PASS" signature="checkTaxTerritory()[pri:3, instance:com.sysvine.turbopro.automation.customers.InvoiceTest@2d6eabae]" name="checkTaxTerritory" duration-ms="2" started-at="2019-10-20T10:22:53 IST" finished-at="2019-10-20T10:22:53 IST">
          <reporter-output>
          </reporter-output>
        </test-method> <!-- checkTaxTerritory -->
      </class> <!-- com.sysvine.turbopro.automation.customers.InvoiceTest -->
    </test> <!-- Invoice Funtionalities -->
  </suite> <!-- Smoke Test -->
</testng-results>
