<?xml version="1.0" encoding="UTF-8"?>
<!-- Generated by org.testng.reporters.JUnitXMLReporter -->
<testsuite hostname="sysvinemp056.local" ignored="0" name="Functionality Test" tests="2" failures="0" timestamp="2019-10-03T12:00:06 IST" time="5.236" errors="0">
  <testcase name="verifyIncorrectLogin" time="1.732" classname="com.sysvine.turopro.automation.LoginTest"/>
  <testcase name="verifyLogin" time="3.355" classname="com.sysvine.turopro.automation.LoginTest"/>
</testsuite> <!-- Functionality Test -->
