<?xml version="1.0" encoding="UTF-8"?>
<!-- Generated by org.testng.reporters.JUnitXMLReporter -->
<testsuite hostname="sysvinemp056.local" ignored="0" name="Invoice Funtionalities" tests="3" failures="1" timestamp="2019-10-10T14:43:38 IST" time="8.153" errors="0">
  <testcase name="checkCusNameSuggestions" time="5.848" classname="com.sysvine.turbopro.automation.customers.InvoiceTest"/>
  <testcase name="checkInvoiceDate" time="0.031" classname="com.sysvine.turbopro.automation.customers.InvoiceTest"/>
  <testcase name="checkShipToAddress" time="2.248" classname="com.sysvine.turbopro.automation.customers.InvoiceTest">
    <failure type="java.lang.AssertionError" message="Lists differ at element [0]: com.sysvine.turbopro.automation.customers.Address@726386ed != com.sysvine.turbopro.automation.customers.Address@10027fc9 expected [com.sysvine.turbopro.automation.customers.Address@726386ed] but found [com.sysvine.turbopro.automation.customers.Address@10027fc9]">
      <![CDATA[java.lang.AssertionError: Lists differ at element [0]: com.sysvine.turbopro.automation.customers.Address@726386ed != com.sysvine.turbopro.automation.customers.Address@10027fc9 expected [com.sysvine.turbopro.automation.customers.Address@726386ed] but found [com.sysvine.turbopro.automation.customers.Address@10027fc9]
at com.sysvine.turbopro.automation.customers.InvoiceTest.checkShipToAddress(InvoiceTest.java:58)
at java.util.ArrayList.forEach(ArrayList.java:1257)
... Removed 31 stack frames]]>
    </failure>
  </testcase> <!-- checkShipToAddress -->
</testsuite> <!-- Invoice Funtionalities -->
