<?xml version="1.0" encoding="UTF-8"?>
<!-- Generated by org.testng.reporters.JUnitXMLReporter -->
<testsuite hostname="sysvinemp056.local" ignored="0" name="Login Functionality" tests="2" failures="0" timestamp="2019-10-10T14:43:30 IST" time="11.839" errors="0">
  <testcase name="verifyIncorrectLogin" time="9.003" classname="com.sysvine.turbopro.automation.LoginTest"/>
  <testcase name="verifyLogin" time="2.629" classname="com.sysvine.turbopro.automation.LoginTest"/>
</testsuite> <!-- Login Functionality -->
