<?xml version="1.0" encoding="UTF-8"?>
<!-- Generated by org.testng.reporters.JUnitXMLReporter -->
<testsuite hostname="sysvinemp056.local" ignored="0" name="Login Functionality" tests="2" failures="0" timestamp="2019-10-20T10:22:43 IST" time="4.994" errors="0">
  <testcase name="verifyIncorrectLogin" time="1.701" classname="com.sysvine.turbopro.automation.LoginTest"/>
  <testcase name="verifyLogin" time="3.098" classname="com.sysvine.turbopro.automation.LoginTest"/>
</testsuite> <!-- Login Functionality -->
